<?xml version="1.0" encoding="UTF-8"?>
<!-- Generated by org.testng.reporters.JUnitReportReporter -->
<testsuite hostname="DESKTOP-QQ8RL6I" failures="1" tests="8" name="ikame.docxreader.testsuite.TS_13_DocxReader_Logic_Edit_Save_PDF" time="430.618" errors="0" timestamp="17 May 2024 02:19:03 GMT">
  <testcase classname="ikame.docxreader.testsuite.TS_13_DocxReader_Logic_Edit_Save_PDF" name="TC_001_Logic_Edit_Save_PDF_Quality_Khac_Max" time="53.866"/>
  <testcase classname="ikame.docxreader.testsuite.TS_13_DocxReader_Logic_Edit_Save_PDF" name="TC_003_Logic_Edit_Save_PDF_De_Trong_Textbox_Rename" time="52.358"/>
  <testcase classname="ikame.docxreader.testsuite.TS_13_DocxReader_Logic_Edit_Save_PDF" name="TC_008_Logic_Edit_Save_PDF_Nhap_Nhap_Trung_Ten_Textbox_Rename" time="58.696">
    <failure message="Chuỗi ikame không nằm trong chuỗi ikam.pdf expected [false] but found [true]" type="java.lang.AssertionError">
      <![CDATA[java.lang.AssertionError: Chuỗi ikame không nằm trong chuỗi ikam.pdf expected [false] but found [true]
	at org.testng.Assert.fail(Assert.java:94)
	at org.testng.Assert.failNotEquals(Assert.java:513)
	at org.testng.Assert.assertFalse(Assert.java:63)
	at ikame.docxreader.common.commonBase.verifyContains(commonBase.java:714)
	at ikame.docxreader.testsuite.TS_13_DocxReader_Logic_Edit_Save_PDF.TC_008_Logic_Edit_Save_PDF_Nhap_Nhap_Trung_Ten_Textbox_Rename(TS_13_DocxReader_Logic_Edit_Save_PDF.java:254)
	at java.base/jdk.internal.reflect.NativeMethodAccessorImpl.invoke0(Native Method)
	at java.base/jdk.internal.reflect.NativeMethodAccessorImpl.invoke(NativeMethodAccessorImpl.java:77)
	at java.base/jdk.internal.reflect.DelegatingMethodAccessorImpl.invoke(DelegatingMethodAccessorImpl.java:43)
	at java.base/java.lang.reflect.Method.invoke(Method.java:568)
	at org.testng.internal.MethodInvocationHelper.invokeMethod(MethodInvocationHelper.java:86)
	at org.testng.internal.Invoker.invokeMethod(Invoker.java:643)
	at org.testng.internal.Invoker.invokeTestMethod(Invoker.java:820)
	at org.testng.internal.Invoker.invokeTestMethods(Invoker.java:1128)
	at org.testng.internal.TestMethodWorker.invokeTestMethods(TestMethodWorker.java:129)
	at org.testng.internal.TestMethodWorker.run(TestMethodWorker.java:112)
	at org.testng.TestRunner.privateRun(TestRunner.java:782)
	at org.testng.TestRunner.run(TestRunner.java:632)
	at org.testng.SuiteRunner.runTest(SuiteRunner.java:366)
	at org.testng.SuiteRunner.runSequentially(SuiteRunner.java:361)
	at org.testng.SuiteRunner.privateRun(SuiteRunner.java:319)
	at org.testng.SuiteRunner.run(SuiteRunner.java:268)
	at org.testng.SuiteRunnerWorker.runSuite(SuiteRunnerWorker.java:52)
	at org.testng.SuiteRunnerWorker.run(SuiteRunnerWorker.java:86)
	at org.testng.TestNG.runSuitesSequentially(TestNG.java:1244)
	at org.testng.TestNG.runSuitesLocally(TestNG.java:1169)
	at org.testng.TestNG.run(TestNG.java:1064)
	at org.testng.remote.AbstractRemoteTestNG.run(AbstractRemoteTestNG.java:115)
	at org.testng.remote.RemoteTestNG.initAndRun(RemoteTestNG.java:293)
	at org.testng.remote.RemoteTestNG.main(RemoteTestNG.java:91)
]]>
    </failure>
  </testcase> <!-- TC_008_Logic_Edit_Save_PDF_Nhap_Nhap_Trung_Ten_Textbox_Rename -->
  <testcase classname="ikame.docxreader.testsuite.TS_13_DocxReader_Logic_Edit_Save_PDF" name="TC_002_Logic_Edit_Save_PDF_Quality_Max" time="57.378"/>
  <testcase classname="ikame.docxreader.testsuite.TS_13_DocxReader_Logic_Edit_Save_PDF" name="TC_006_Logic_Edit_Save_PDF_Nhap_Khoang_Trang_Dau_Va_Cuoi_Textbox_Rename" time="56.911"/>
  <testcase classname="ikame.docxreader.testsuite.TS_13_DocxReader_Logic_Edit_Save_PDF" name="TC_007_Logic_Edit_Save_PDF_Back" time="47.019"/>
  <testcase classname="ikame.docxreader.testsuite.TS_13_DocxReader_Logic_Edit_Save_PDF" name="TC_004_Logic_Edit_Save_PDF_Nhap_Khoang_Trang_Textbox_Rename" time="54.195"/>
  <testcase classname="ikame.docxreader.testsuite.TS_13_DocxReader_Logic_Edit_Save_PDF" name="TC_005_Logic_Edit_Save_PDF_Nhap_1000_Ky_Tu_Textbox_Rename" time="50.195"/>
</testsuite> <!-- ikame.docxreader.testsuite.TS_13_DocxReader_Logic_Edit_Save_PDF -->
